<?xml version="1.0" encoding="UTF-8"?>
<testsuite xmlns:xsi="http://www.w3.org/2001/XMLSchema-instance" xsi:noNamespaceSchemaLocation="https://maven.apache.org/surefire/maven-surefire-plugin/xsd/surefire-test-report-3.0.xsd" version="3.0" name="TestSuite" time="25.288" tests="3" errors="0" skipped="0" failures="0">
  <properties>
[...]
</properties>
  <testcase name="runScenario[&quot;End to End product buying script&quot;, &quot;Placing the order of the product&quot;](1)" classname="testRunners.CucumberTestRunner" time="17.41">
    <system-out><![CDATA[
@EndToEnd
Scenario Outline: End to End product buying script                        # classpath:FeatureFile/placeOrder.feature:20

@EndToEnd
Scenario Outline: End to End product buying script                        # classpath:FeatureFile/placeOrder.feature:19

@EndToEnd
Scenario Outline: End to End product buying script                          # classpath:FeatureFile/placeOrder.feature:18
  ✔ Given User is on GreenKart Landing Page                               # greenKartSteps.LandingPage.greenKartLoandingPage()

        Embedding Step Screenshot [image/png 507582 bytes]

  ✔ When User searches for product with ShortName as Brocolli on HomePage # greenKartSteps.LandingPage.searchProductOnHomePage(java.lang.String)

        Embedding Step Screenshot [image/png 469818 bytes]

  ✔ And User Extracts the actual name of product                          # greenKartSteps.LandingPage.extractName()

        Embedding Step Screenshot [image/png 122649 bytes]

  ✔ And User adds 5 quantity for the product                              # greenKartSteps.LandingPage.selectQuantity(int)

        Embedding Step Screenshot [image/png 124410 bytes]

  ✔ And user proceeds to checkout page                                    # greenKartSteps.LandingPage.addToCart()

        Embedding Step Screenshot [image/png 143712 bytes]

  ✔ And User validates the item in checkout page                          # greenKartSteps.CheckoutPage.validateProductName()

        Embedding Step Screenshot [image/png 63732 bytes]

  ✔ Then User enters the promo code as rahulshettyacademy                 # greenKartSteps.CheckoutPage.enterPromoCode(java.lang.String)

        Embedding Step Screenshot [image/png 65949 bytes]

  ✔ Given User is on GreenKart Landing Page                               # greenKartSteps.LandingPage.greenKartLoandingPage()

        Embedding Step Screenshot [image/png 507681 bytes]

  ✔ When User searches for product with ShortName as Beetroot on HomePage # greenKartSteps.LandingPage.searchProductOnHomePage(java.lang.String)

        Embedding Step Screenshot [image/png 475425 bytes]

  ✔ And User Extracts the actual name of product                          # greenKartSteps.LandingPage.extractName()

        Embedding Step Screenshot [image/png 142836 bytes]

  ✔ And User adds 2 quantity for the product                              # greenKartSteps.LandingPage.selectQuantity(int)

        Embedding Step Screenshot [image/png 126243 bytes]

  ✔ And user proceeds to checkout page                                    # greenKartSteps.LandingPage.addToCart()

        Embedding Step Screenshot [image/png 164772 bytes]

  ✔ And User validates the item in checkout page                          # greenKartSteps.CheckoutPage.validateProductName()

        Embedding Step Screenshot [image/png 65277 bytes]

  ✔ Then User enters the promo code as rahulshettyacademy                 # greenKartSteps.CheckoutPage.enterPromoCode(java.lang.String)

        Embedding Step Screenshot [image/png 67773 bytes]

  ✔ Given User is on GreenKart Landing Page                                 # greenKartSteps.LandingPage.greenKartLoandingPage()

        Embedding Step Screenshot [image/png 507663 bytes]

  ✔ And user verifies successful promoCode application                    # greenKartSteps.CheckoutPage.verifySuccessfulPromo()
  ✔ When User searches for product with ShortName as Strawberry on HomePage # greenKartSteps.LandingPage.searchProductOnHomePage(java.lang.String)

        Embedding Step Screenshot [image/png 65790 bytes]


        Embedding Step Screenshot [image/png 155130 bytes]

  ✔ And User Extracts the actual name of product                            # greenKartSteps.LandingPage.extractName()
  ✔ And User places the order                                             # greenKartSteps.CheckoutPage.placeOrder()

        Embedding Step Screenshot [image/png 155130 bytes]


        Embedding Step Screenshot [image/png 39870 bytes]

  ✔ And User adds 3 quantity for the product                                # greenKartSteps.LandingPage.selectQuantity(int)

        Embedding Step Screenshot [image/png 156984 bytes]

  ✔ And User selects country as United States                             # greenKartSteps.CheckoutPage.selectCountryAndPlaceOrder(java.lang.String)

        Embedding Step Screenshot [image/png 47769 bytes]

  ✔ And user proceeds to checkout page                                      # greenKartSteps.LandingPage.addToCart()

        Embedding Step Screenshot [image/png 180006 bytes]

  ✔ And User validates the item in checkout page                            # greenKartSteps.CheckoutPage.validateProductName()

        Embedding Step Screenshot [image/png 66387 bytes]

  ✔ Then User enters the promo code as rahulshettyacademy                   # greenKartSteps.CheckoutPage.enterPromoCode(java.lang.String)

        Embedding Step Screenshot [image/png 69429 bytes]

]]></system-out>
    <system-err><![CDATA[SLF4J(W): No SLF4J providers were found.
SLF4J(W): Defaulting to no-operation (NOP) logger implementation
SLF4J(W): See https://www.slf4j.org/codes.html#noProviders for further details.
]]></system-err>
  </testcase>
  <testcase name="runScenario[&quot;End to End product buying script&quot;, &quot;Placing the order of the product&quot;](2)" classname="testRunners.CucumberTestRunner" time="20.359">
    <system-out><![CDATA[  ✔ And user verifies successful promoCode application                    # greenKartSteps.CheckoutPage.verifySuccessfulPromo()

        Embedding Step Screenshot [image/png 67194 bytes]

  ✔ And User places the order                                             # greenKartSteps.CheckoutPage.placeOrder()

        Embedding Step Screenshot [image/png 39870 bytes]

  ✔ And User selects country as Australia                                 # greenKartSteps.CheckoutPage.selectCountryAndPlaceOrder(java.lang.String)

        Embedding Step Screenshot [image/png 47808 bytes]

]]></system-out>
  </testcase>
  <testcase name="runScenario[&quot;End to End product buying script&quot;, &quot;Placing the order of the product&quot;](3)" classname="testRunners.CucumberTestRunner" time="23.605">
    <system-out><![CDATA[  ✔ And user verifies successful promoCode application                      # greenKartSteps.CheckoutPage.verifySuccessfulPromo()

        Embedding Step Screenshot [image/png 69741 bytes]

  ✔ And User places the order                                               # greenKartSteps.CheckoutPage.placeOrder()

        Embedding Step Screenshot [image/png 39870 bytes]

  ✔ And User selects country as India                                       # greenKartSteps.CheckoutPage.selectCountryAndPlaceOrder(java.lang.String)

        Embedding Step Screenshot [image/png 47727 bytes]

]]></system-out>
  </testcase>
</testsuite>