<?xml version="1.0" encoding="UTF-8"?>
<testng-results ignored="0" total="3" passed="3" failed="0" skipped="0">
  <reporter-output>
  </reporter-output>
  <suite started-at="2026-06-13T12:29:10 IST" name="Surefire suite" finished-at="2026-06-13T12:29:35 IST" duration-ms="24865">
    <groups>
      <group name="cucumber">
        <method signature="AbstractTestNGCucumberTests.runScenario(io.cucumber.testng.PickleWrapper,io.cucumber.testng.FeatureWrapper)[pri:0, instance:testRunners.CucumberTestRunner@15ff3e9e]" name="runScenario" class="io.cucumber.testng.AbstractTestNGCucumberTests"/>
        <method signature="AbstractTestNGCucumberTests.runScenario(io.cucumber.testng.PickleWrapper,io.cucumber.testng.FeatureWrapper)[pri:0, instance:testRunners.FailedTestRunner@6e20b53a]" name="runScenario" class="io.cucumber.testng.AbstractTestNGCucumberTests"/>
      </group> <!-- cucumber -->
    </groups>
    <test started-at="2026-06-13T12:29:10 IST" name="Surefire test" finished-at="2026-06-13T12:29:35 IST" duration-ms="24865">
      <class name="testRunners.FailedTestRunner">
        <test-method is-config="true" signature="setUpClass(org.testng.ITestContext)[pri:0, instance:testRunners.FailedTestRunner@6e20b53a]" started-at="2026-06-13T12:29:35 IST" name="setUpClass" finished-at="2026-06-13T12:29:35 IST" duration-ms="19" status="PASS">
          <params>
            <param index="0">
              <value>
                <![CDATA[org.testng.TestRunner@6e495b48]]>
              </value>
            </param>
          </params>
          <reporter-output>
          </reporter-output>
        </test-method> <!-- setUpClass -->
        <test-method is-config="true" signature="tearDownClass()[pri:0, instance:testRunners.FailedTestRunner@6e20b53a]" started-at="2026-06-13T12:29:35 IST" name="tearDownClass" finished-at="2026-06-13T12:29:35 IST" duration-ms="24" status="PASS">
          <reporter-output>
          </reporter-output>
        </test-method> <!-- tearDownClass -->
      </class> <!-- testRunners.FailedTestRunner -->
      <class name="testRunners.CucumberTestRunner">
        <test-method is-config="true" signature="setUpClass(org.testng.ITestContext)[pri:0, instance:testRunners.CucumberTestRunner@15ff3e9e]" started-at="2026-06-13T12:29:10 IST" name="setUpClass" finished-at="2026-06-13T12:29:11 IST" duration-ms="739" status="PASS">
          <params>
            <param index="0">
              <value>
                <![CDATA[org.testng.TestRunner@6e495b48]]>
              </value>
            </param>
          </params>
          <reporter-output>
          </reporter-output>
        </test-method> <!-- setUpClass -->
        <test-method signature="runScenario(io.cucumber.testng.PickleWrapper,io.cucumber.testng.FeatureWrapper)[pri:0, instance:testRunners.CucumberTestRunner@15ff3e9e]" started-at="2026-06-13T12:29:11 IST" name="runScenario" description="Runs Cucumber Scenarios" data-provider="scenarios" finished-at="2026-06-13T12:29:28 IST" duration-ms="17395" status="PASS">
          <params>
            <param index="0">
              <value>
                <![CDATA["End to End product buying script"]]>
              </value>
            </param>
            <param index="1">
              <value>
                <![CDATA["Placing the order of the product"]]>
              </value>
            </param>
          </params>
          <reporter-output>
          </reporter-output>
        </test-method> <!-- runScenario -->
        <test-method signature="runScenario(io.cucumber.testng.PickleWrapper,io.cucumber.testng.FeatureWrapper)[pri:0, instance:testRunners.CucumberTestRunner@15ff3e9e]" started-at="2026-06-13T12:29:11 IST" name="runScenario" description="Runs Cucumber Scenarios" data-provider="scenarios" finished-at="2026-06-13T12:29:35 IST" duration-ms="23606" status="PASS">
          <params>
            <param index="0">
              <value>
                <![CDATA["End to End product buying script"]]>
              </value>
            </param>
            <param index="1">
              <value>
                <![CDATA["Placing the order of the product"]]>
              </value>
            </param>
          </params>
          <reporter-output>
          </reporter-output>
        </test-method> <!-- runScenario -->
        <test-method signature="runScenario(io.cucumber.testng.PickleWrapper,io.cucumber.testng.FeatureWrapper)[pri:0, instance:testRunners.CucumberTestRunner@15ff3e9e]" started-at="2026-06-13T12:29:11 IST" name="runScenario" description="Runs Cucumber Scenarios" data-provider="scenarios" finished-at="2026-06-13T12:29:31 IST" duration-ms="20360" status="PASS">
          <params>
            <param index="0">
              <value>
                <![CDATA["End to End product buying script"]]>
              </value>
            </param>
            <param index="1">
              <value>
                <![CDATA["Placing the order of the product"]]>
              </value>
            </param>
          </params>
          <reporter-output>
          </reporter-output>
        </test-method> <!-- runScenario -->
        <test-method is-config="true" signature="tearDownClass()[pri:0, instance:testRunners.CucumberTestRunner@15ff3e9e]" started-at="2026-06-13T12:29:35 IST" name="tearDownClass" finished-at="2026-06-13T12:29:35 IST" duration-ms="444" status="PASS">
          <reporter-output>
          </reporter-output>
        </test-method> <!-- tearDownClass -->
      </class> <!-- testRunners.CucumberTestRunner -->
    </test> <!-- Surefire test -->
  </suite> <!-- Surefire suite -->
</testng-results>
