<?xml version="1.0" encoding="UTF-8"?>
<testng-results ignored="0" total="2" passed="2" failed="0" skipped="0">
  <reporter-output>
  </reporter-output>
  <suite started-at="2026-06-13T20:45:50 IST" name="Surefire suite" finished-at="2026-06-13T20:46:18 IST" duration-ms="28069">
    <groups>
      <group name="cucumber">
        <method signature="AbstractTestNGCucumberTests.runScenario(io.cucumber.testng.PickleWrapper,io.cucumber.testng.FeatureWrapper)[pri:0, instance:testRunners.CucumberRunnerTest@441772e]" name="runScenario" class="io.cucumber.testng.AbstractTestNGCucumberTests"/>
        <method signature="AbstractTestNGCucumberTests.runScenario(io.cucumber.testng.PickleWrapper,io.cucumber.testng.FeatureWrapper)[pri:0, instance:testRunners.FailedRunnerTest@52e6fdee]" name="runScenario" class="io.cucumber.testng.AbstractTestNGCucumberTests"/>
      </group> <!-- cucumber -->
    </groups>
    <test started-at="2026-06-13T20:45:50 IST" name="Surefire test" finished-at="2026-06-13T20:46:18 IST" duration-ms="28069">
      <class name="testRunners.FailedRunnerTest">
        <test-method is-config="true" signature="setUpClass(org.testng.ITestContext)[pri:0, instance:testRunners.FailedRunnerTest@52e6fdee]" started-at="2026-06-13T20:46:06 IST" name="setUpClass" finished-at="2026-06-13T20:46:06 IST" duration-ms="70" status="PASS">
          <params>
            <param index="0">
              <value>
                <![CDATA[org.testng.TestRunner@70e889e9]]>
              </value>
            </param>
          </params>
          <reporter-output>
          </reporter-output>
        </test-method> <!-- setUpClass -->
        <test-method signature="runScenario(io.cucumber.testng.PickleWrapper,io.cucumber.testng.FeatureWrapper)[pri:0, instance:testRunners.FailedRunnerTest@52e6fdee]" started-at="2026-06-13T20:46:06 IST" name="runScenario" description="Runs Cucumber Scenarios" data-provider="scenarios" finished-at="2026-06-13T20:46:18 IST" duration-ms="11788" status="PASS">
          <params>
            <param index="0">
              <value>
                <![CDATA["Search experience for product on both Home Page and Offer Page"]]>
              </value>
            </param>
            <param index="1">
              <value>
                <![CDATA["Search and place the order on Greenkart application"]]>
              </value>
            </param>
          </params>
          <reporter-output>
          </reporter-output>
        </test-method> <!-- runScenario -->
        <test-method is-config="true" signature="tearDownClass()[pri:0, instance:testRunners.FailedRunnerTest@52e6fdee]" started-at="2026-06-13T20:46:18 IST" name="tearDownClass" finished-at="2026-06-13T20:46:18 IST" duration-ms="101" status="PASS">
          <reporter-output>
          </reporter-output>
        </test-method> <!-- tearDownClass -->
      </class> <!-- testRunners.FailedRunnerTest -->
      <class name="testRunners.CucumberRunnerTest">
        <test-method is-config="true" signature="setUpClass(org.testng.ITestContext)[pri:0, instance:testRunners.CucumberRunnerTest@441772e]" started-at="2026-06-13T20:45:50 IST" name="setUpClass" finished-at="2026-06-13T20:45:51 IST" duration-ms="841" status="PASS">
          <params>
            <param index="0">
              <value>
                <![CDATA[org.testng.TestRunner@70e889e9]]>
              </value>
            </param>
          </params>
          <reporter-output>
          </reporter-output>
        </test-method> <!-- setUpClass -->
        <test-method signature="runScenario(io.cucumber.testng.PickleWrapper,io.cucumber.testng.FeatureWrapper)[pri:0, instance:testRunners.CucumberRunnerTest@441772e]" started-at="2026-06-13T20:45:51 IST" name="runScenario" description="Runs Cucumber Scenarios" data-provider="scenarios" finished-at="2026-06-13T20:46:05 IST" duration-ms="14159" status="PASS">
          <params>
            <param index="0">
              <value>
                <![CDATA["Search experience for product on both Home Page and Offer Page"]]>
              </value>
            </param>
            <param index="1">
              <value>
                <![CDATA["Search and place the order on Greenkart application"]]>
              </value>
            </param>
          </params>
          <reporter-output>
          </reporter-output>
        </test-method> <!-- runScenario -->
        <test-method is-config="true" signature="tearDownClass()[pri:0, instance:testRunners.CucumberRunnerTest@441772e]" started-at="2026-06-13T20:46:05 IST" name="tearDownClass" finished-at="2026-06-13T20:46:06 IST" duration-ms="1061" status="PASS">
          <reporter-output>
          </reporter-output>
        </test-method> <!-- tearDownClass -->
      </class> <!-- testRunners.CucumberRunnerTest -->
    </test> <!-- Surefire test -->
  </suite> <!-- Surefire suite -->
</testng-results>
