<?xml version="1.0" encoding="UTF-8"?>
<testng-results ignored="0" total="3" passed="3" failed="0" skipped="0">
  <reporter-output>
  </reporter-output>
  <suite started-at="2026-06-12T20:52:55 IST" name="Default suite" finished-at="2026-06-12T20:53:12 IST" duration-ms="16204">
    <groups>
      <group name="cucumber">
        <method signature="AbstractTestNGCucumberTests.runScenario(io.cucumber.testng.PickleWrapper,io.cucumber.testng.FeatureWrapper)[pri:0, instance:testRunners.CucumberTestRunner@61322f9d]" name="runScenario" class="io.cucumber.testng.AbstractTestNGCucumberTests"/>
      </group> <!-- cucumber -->
    </groups>
    <test started-at="2026-06-12T20:52:55 IST" name="Default test" finished-at="2026-06-12T20:53:12 IST" duration-ms="16204">
      <class name="testRunners.CucumberTestRunner">
        <test-method is-config="true" signature="setUpClass(org.testng.ITestContext)[pri:0, instance:testRunners.CucumberTestRunner@61322f9d]" started-at="2026-06-12T20:52:56 IST" name="setUpClass" finished-at="2026-06-12T20:52:56 IST" duration-ms="608" status="PASS">
          <params>
            <param index="0">
              <value>
                <![CDATA[org.testng.TestRunner@42257bdd]]>
              </value>
            </param>
          </params>
          <reporter-output>
          </reporter-output>
        </test-method> <!-- setUpClass -->
        <test-method signature="runScenario(io.cucumber.testng.PickleWrapper,io.cucumber.testng.FeatureWrapper)[pri:0, instance:testRunners.CucumberTestRunner@61322f9d]" started-at="2026-06-12T20:52:56 IST" name="runScenario" description="Runs Cucumber Scenarios" data-provider="scenarios" finished-at="2026-06-12T20:53:12 IST" duration-ms="15458" status="PASS">
          <params>
            <param index="0">
              <value>
                <![CDATA["End to End product buying script"]]>
              </value>
            </param>
            <param index="1">
              <value>
                <![CDATA["Placing the order of the product"]]>
              </value>
            </param>
          </params>
          <reporter-output>
          </reporter-output>
        </test-method> <!-- runScenario -->
        <test-method signature="runScenario(io.cucumber.testng.PickleWrapper,io.cucumber.testng.FeatureWrapper)[pri:0, instance:testRunners.CucumberTestRunner@61322f9d]" started-at="2026-06-12T20:52:56 IST" name="runScenario" description="Runs Cucumber Scenarios" data-provider="scenarios" finished-at="2026-06-12T20:53:11 IST" duration-ms="14393" status="PASS">
          <params>
            <param index="0">
              <value>
                <![CDATA["End to End product buying script"]]>
              </value>
            </param>
            <param index="1">
              <value>
                <![CDATA["Placing the order of the product"]]>
              </value>
            </param>
          </params>
          <reporter-output>
          </reporter-output>
        </test-method> <!-- runScenario -->
        <test-method signature="runScenario(io.cucumber.testng.PickleWrapper,io.cucumber.testng.FeatureWrapper)[pri:0, instance:testRunners.CucumberTestRunner@61322f9d]" started-at="2026-06-12T20:52:56 IST" name="runScenario" description="Runs Cucumber Scenarios" data-provider="scenarios" finished-at="2026-06-12T20:53:11 IST" duration-ms="14799" status="PASS">
          <params>
            <param index="0">
              <value>
                <![CDATA["End to End product buying script"]]>
              </value>
            </param>
            <param index="1">
              <value>
                <![CDATA["Placing the order of the product"]]>
              </value>
            </param>
          </params>
          <reporter-output>
          </reporter-output>
        </test-method> <!-- runScenario -->
        <test-method is-config="true" signature="tearDownClass()[pri:0, instance:testRunners.CucumberTestRunner@61322f9d]" started-at="2026-06-12T20:53:12 IST" name="tearDownClass" finished-at="2026-06-12T20:53:12 IST" duration-ms="98" status="PASS">
          <reporter-output>
          </reporter-output>
        </test-method> <!-- tearDownClass -->
      </class> <!-- testRunners.CucumberTestRunner -->
    </test> <!-- Default test -->
  </suite> <!-- Default suite -->
</testng-results>
