<?xml version="1.0" encoding="UTF-8"?>
<!-- Generated by org.testng.reporters.JUnitReportReporter -->
<testsuite hostname="LAPTOP-5SGPDORB" failures="2" tests="2" name="testRunners.FailedTestRunner" time="35.638" errors="0" timestamp="2026-06-13T00:30:34 IST" skipped="0">
  <testcase classname="testRunners.FailedTestRunner" name="runScenario" time="17.602">
    <failure message="expected [No data] but found [Beetroot]" type="java.lang.AssertionError">
      <![CDATA[java.lang.AssertionError: expected [No data] but found [Beetroot]
at org.testng.Assert.fail(Assert.java:111)
at org.testng.Assert.failNotEquals(Assert.java:1590)
at org.testng.Assert.assertEqualsImpl(Assert.java:150)
at org.testng.Assert.assertEquals(Assert.java:132)
at org.testng.Assert.assertEquals(Assert.java:656)
at org.testng.Assert.assertEquals(Assert.java:666)
at greenKartSteps.OffersPage.checkOffer(OffersPage.java:49)
at ✽.checks if product exists under Offers Page too(classpath:FeatureFile/searchProduct.feature:23)
]]>
    </failure>
  </testcase> <!-- runScenario -->
  <testcase classname="testRunners.FailedTestRunner" name="runScenario" time="18.036">
    <failure message="expected [No data] but found [Brocolli]" type="java.lang.AssertionError">
      <![CDATA[java.lang.AssertionError: expected [No data] but found [Brocolli]
at org.testng.Assert.fail(Assert.java:111)
at org.testng.Assert.failNotEquals(Assert.java:1590)
at org.testng.Assert.assertEqualsImpl(Assert.java:150)
at org.testng.Assert.assertEquals(Assert.java:132)
at org.testng.Assert.assertEquals(Assert.java:656)
at org.testng.Assert.assertEquals(Assert.java:666)
at greenKartSteps.OffersPage.checkOffer(OffersPage.java:49)
at ✽.checks if product exists under Offers Page too(classpath:FeatureFile/searchProduct.feature:23)
]]>
    </failure>
  </testcase> <!-- runScenario -->
</testsuite> <!-- testRunners.FailedTestRunner -->
