<?xml version="1.0" encoding="UTF-8"?>
<!-- Generated by org.testng.reporters.JUnitReportReporter -->
<testsuite hostname="LAPTOP-5SGPDORB" failures="0" tests="3" name="testRunners.CucumberTestRunner" time="44.650" errors="0" timestamp="2026-06-12T20:53:12 IST" skipped="0">
  <testcase classname="testRunners.CucumberTestRunner" name="runScenario" time="14.393"/>
  <testcase classname="testRunners.CucumberTestRunner" name="runScenario" time="15.458"/>
  <testcase classname="testRunners.CucumberTestRunner" name="runScenario" time="14.799"/>
</testsuite> <!-- testRunners.CucumberTestRunner -->
