<?xml version="1.0" encoding="UTF-8"?>
<!-- Generated by org.testng.reporters.JUnitReportReporter -->
<testsuite hostname="LAPTOP-5SGPDORB" failures="0" tests="3" name="testRunners.CucumberTestRunner" time="61.361" errors="0" timestamp="2026-06-13T12:29:35 IST" skipped="0">
  <testcase classname="testRunners.CucumberTestRunner" name="runScenario" time="17.395"/>
  <testcase classname="testRunners.CucumberTestRunner" name="runScenario" time="23.606"/>
  <testcase classname="testRunners.CucumberTestRunner" name="runScenario" time="20.360"/>
</testsuite> <!-- testRunners.CucumberTestRunner -->
